# JRE version: OpenJDK Runtime Environment Temurin-21.0.11+10 (21.0.11+10) (build 21.0.11+10-LTS)
# Java VM: OpenJDK 64-Bit Server VM Temurin-21.0.11+10 (21.0.11+10-LTS, mixed mode, sharing, tiered, compressed oops, compressed class ptrs, g1 gc, windows-amd64)
GC Precious Log:
 CardTable entry size: 512
 Card Set container configuration: InlinePtr #cards 4 size 8 Array Of Cards #cards 32 size 80 Howl #buckets 8 coarsen threshold 7372 Howl Bitmap #cards 1024 size 144 coarsen threshold 921 Card regions per heap region 1 cards per card region 8192
 CPUs: 12 total, 12 available
 Memory: 7518M
 Large Page Support: Disabled
 NUMA Support: Disabled
 Compressed Oops: Enabled (Zero based)
 Heap Region Size: 4M
 Heap Min Capacity: 8M
 Heap Initial Capacity: 120M
 Heap Max Capacity: 8G
 Pre-touch: Disabled
 Parallel Workers: 10
 Concurrent Workers: 3
 Concurrent Refinement Workers: 10
 Periodic GC: Disabled
Heap:
 garbage-first heap   total 217088K, used 51384K [0x0000000600000000, 0x0000000800000000)
  region size 4096K, 3 young (12288K), 3 survivors (12288K)
 Metaspace       used 47018K, committed 48192K, reserved 1114112K
  class space    used 6429K, committed 6976K, reserved 1048576K
GC Heap History (20 events):
Event: 25.736 GC heap before
{Heap before GC invocations=26 (full 0):
 garbage-first heap   total 180224K, used 143229K [0x0000000600000000, 0x0000000800000000)
  region size 4096K, 26 young (106496K), 2 survivors (8192K)
 Metaspace       used 47004K, committed 48192K, reserved 1114112K
  class space    used 6429K, committed 6976K, reserved 1048576K
}
Event: 25.742 GC heap after
{Heap after GC invocations=27 (full 0):
 garbage-first heap   total 180224K, used 45741K [0x0000000600000000, 0x0000000800000000)
  region size 4096K, 2 young (8192K), 2 survivors (8192K)
 Metaspace       used 47004K, committed 48192K, reserved 1114112K
  class space    used 6429K, committed 6976K, reserved 1048576K
}
Event: 26.181 GC heap before
{Heap before GC invocations=27 (full 0):
 garbage-first heap   total 180224K, used 144045K [0x0000000600000000, 0x0000000800000000)
  region size 4096K, 26 young (106496K), 2 survivors (8192K)
 Metaspace       used 47005K, committed 48192K, reserved 1114112K
  class space    used 6429K, committed 6976K, reserved 1048576K
}
Event: 26.187 GC heap after
{Heap after GC invocations=28 (full 0):
 garbage-first heap   total 180224K, used 46296K [0x0000000600000000, 0x0000000800000000)
  region size 4096K, 2 young (8192K), 2 survivors (8192K)
 Metaspace       used 47005K, committed 48192K, reserved 1114112K
  class space    used 6429K, committed 6976K, reserved 1048576K
}
Event: 26.842 GC heap before
{Heap before GC invocations=28 (full 0):
 garbage-first heap   total 180224K, used 144600K [0x0000000600000000, 0x0000000800000000)
  region size 4096K, 26 young (106496K), 2 survivors (8192K)
 Metaspace       used 47009K, committed 48192K, reserved 1114112K
  class space    used 6429K, committed 6976K, reserved 1048576K
}
Event: 26.848 GC heap after
{Heap after GC invocations=29 (full 0):
 garbage-first heap   total 180224K, used 47261K [0x0000000600000000, 0x0000000800000000)
  region size 4096K, 2 young (8192K), 2 survivors (8192K)
 Metaspace       used 47009K, committed 48192K, reserved 1114112K
  class space    used 6429K, committed 6976K, reserved 1048576K
}
Event: 27.410 GC heap before
{Heap before GC invocations=29 (full 0):
 garbage-first heap   total 180224K, used 145565K [0x0000000600000000, 0x0000000800000000)
  region size 4096K, 26 young (106496K), 2 survivors (8192K)
 Metaspace       used 47009K, committed 48192K, reserved 1114112K
  class space    used 6429K, committed 6976K, reserved 1048576K
}
Event: 27.416 GC heap after
{Heap after GC invocations=30 (full 0):
 garbage-first heap   total 180224K, used 47482K [0x0000000600000000, 0x0000000800000000)
  region size 4096K, 2 young (8192K), 2 survivors (8192K)
 Metaspace       used 47009K, committed 48192K, reserved 1114112K
  class space    used 6429K, committed 6976K, reserved 1048576K
}
Event: 28.100 GC heap before
{Heap before GC invocations=30 (full 0):
 garbage-first heap   total 180224K, used 145786K [0x0000000600000000, 0x0000000800000000)
  region size 4096K, 26 young (106496K), 2 survivors (8192K)
 Metaspace       used 47010K, committed 48192K, reserved 1114112K
  class space    used 6429K, committed 6976K, reserved 1048576K
}
Event: 28.106 GC heap after
{Heap after GC invocations=31 (full 0):
 garbage-first heap   total 180224K, used 48686K [0x0000000600000000, 0x0000000800000000)
  region size 4096K, 3 young (12288K), 3 survivors (12288K)
 Metaspace       used 47010K, committed 48192K, reserved 1114112K
  class space    used 6429K, committed 6976K, reserved 1048576K
}
Event: 28.374 GC heap before
{Heap before GC invocations=31 (full 0):
 garbage-first heap   total 180224K, used 142894K [0x0000000600000000, 0x0000000800000000)
  region size 4096K, 26 young (106496K), 3 survivors (12288K)
 Metaspace       used 47013K, committed 48192K, reserved 1114112K
  class space    used 6429K, committed 6976K, reserved 1048576K
}
Event: 28.379 GC heap after
{Heap after GC invocations=32 (full 0):
 garbage-first heap   total 180224K, used 48139K [0x0000000600000000, 0x0000000800000000)
  region size 4096K, 2 young (8192K), 2 survivors (8192K)
 Metaspace       used 47013K, committed 48192K, reserved 1114112K
  class space    used 6429K, committed 6976K, reserved 1048576K
}
Event: 28.666 GC heap before
{Heap before GC invocations=32 (full 0):
 garbage-first heap   total 180224K, used 146443K [0x0000000600000000, 0x0000000800000000)
  region size 4096K, 26 young (106496K), 2 survivors (8192K)
 Metaspace       used 47013K, committed 48192K, reserved 1114112K
  class space    used 6429K, committed 6976K, reserved 1048576K
}
Event: 28.672 GC heap after
{Heap after GC invocations=33 (full 0):
 garbage-first heap   total 217088K, used 48327K [0x0000000600000000, 0x0000000800000000)
  region size 4096K, 2 young (8192K), 2 survivors (8192K)
 Metaspace       used 47013K, committed 48192K, reserved 1114112K
  class space    used 6429K, committed 6976K, reserved 1048576K
}
Event: 29.120 GC heap before
{Heap before GC invocations=33 (full 0):
 garbage-first heap   total 217088K, used 167111K [0x0000000600000000, 0x0000000800000000)
  region size 4096K, 31 young (126976K), 2 survivors (8192K)
 Metaspace       used 47016K, committed 48192K, reserved 1114112K
  class space    used 6429K, committed 6976K, reserved 1048576K
}
Event: 29.126 GC heap after
{Heap after GC invocations=34 (full 0):
 garbage-first heap   total 217088K, used 49147K [0x0000000600000000, 0x0000000800000000)
  region size 4096K, 2 young (8192K), 2 survivors (8192K)
 Metaspace       used 47016K, committed 48192K, reserved 1114112K
  class space    used 6429K, committed 6976K, reserved 1048576K
}
Event: 29.577 GC heap before
{Heap before GC invocations=34 (full 0):
 garbage-first heap   total 217088K, used 167931K [0x0000000600000000, 0x0000000800000000)
  region size 4096K, 31 young (126976K), 2 survivors (8192K)
 Metaspace       used 47016K, committed 48192K, reserved 1114112K
  class space    used 6429K, committed 6976K, reserved 1048576K
}
Event: 29.585 GC heap after
{Heap after GC invocations=35 (full 0):
 garbage-first heap   total 217088K, used 49795K [0x0000000600000000, 0x0000000800000000)
  region size 4096K, 2 young (8192K), 2 survivors (8192K)
 Metaspace       used 47016K, committed 48192K, reserved 1114112K
  class space    used 6429K, committed 6976K, reserved 1048576K
}
Event: 30.470 GC heap before
{Heap before GC invocations=35 (full 0):
 garbage-first heap   total 217088K, used 168579K [0x0000000600000000, 0x0000000800000000)
  region size 4096K, 31 young (126976K), 2 survivors (8192K)
 Metaspace       used 47016K, committed 48192K, reserved 1114112K
  class space    used 6429K, committed 6976K, reserved 1048576K
}
Event: 30.481 GC heap after
{Heap after GC invocations=36 (full 0):
 garbage-first heap   total 217088K, used 51011K [0x0000000600000000, 0x0000000800000000)
  region size 4096K, 3 young (12288K), 3 survivors (12288K)
 Metaspace       used 47016K, committed 48192K, reserved 1114112K
  class space    used 6429K, committed 6976K, reserved 1048576K
}

